<?xml version="1.0" encoding="UTF-8"?>
<!-- Generated by org.testng.reporters.JUnitReportReporter -->
<testsuite hostname="LAPTOP-9FT84NNT" name="Academy.E2EProject.ValidateTitle2" tests="1" failures="0" timestamp="25 Jul 2022 19:24:12 GMT" time="2.448" errors="0">
  <testcase name="basePageNavigator" time="2.448" classname="Academy.E2EProject.ValidateTitle2"/>
</testsuite> <!-- Academy.E2EProject.ValidateTitle2 -->
