<?xml version="1.0" encoding="UTF-8"?>
<!-- Generated by org.testng.reporters.JUnitReportReporter -->
<testsuite hostname="LAPTOP-9FT84NNT" failures="0" tests="1" name="Academy.E2E2.HomePage" time="55.724" errors="0" timestamp="1 Aug 2022 17:30:19 GMT">
  <testcase classname="Academy.E2E2.HomePage" name="basePageNavigation" time="55.724"/>
</testsuite> <!-- Academy.E2E2.HomePage -->
