<?xml version="1.0" encoding="UTF-8"?>
<!-- Generated by org.testng.reporters.JUnitReportReporter -->
<testsuite hostname="LAPTOP-9FT84NNT" failures="0" tests="1" name="Academy.Validation" time="47.815" errors="0" timestamp="2022-08-13T21:20:39 IST" skipped="0">
  <testcase classname="Academy.Validation" name="basePageNavigator" time="47.815"/>
  <system-out/>
</testsuite> <!-- Academy.Validation -->
