<?xml version="1.0" encoding="UTF-8"?>
<!-- Generated by org.testng.reporters.JUnitReportReporter -->
<testsuite hostname="LAPTOP-9FT84NNT" failures="0" tests="1" name="Academy.Validation2" time="28.698" errors="0" timestamp="2022-08-13T21:20:39 IST" skipped="0">
  <testcase classname="Academy.Validation2" name="basePageNavigator" time="28.698"/>
  <system-out/>
</testsuite> <!-- Academy.Validation2 -->
