<?xml version="1.0" encoding="UTF-8"?>
<!-- Generated by org.testng.reporters.JUnitReportReporter -->
<testsuite hostname="LAPTOP-9FT84NNT" failures="0" tests="1" name="Academy.E2EProject.HomePage" time="149.944" errors="0" timestamp="2022-07-28T21:26:43 IST" skipped="0">
  <testcase classname="Academy.E2EProject.HomePage" name="basePageNavigator" time="149.944"/>
  <system-out/>
</testsuite> <!-- Academy.E2EProject.HomePage -->
