<?xml version="1.0" encoding="UTF-8"?>
<!-- Generated by org.testng.reporters.JUnitReportReporter -->
<testsuite hostname="LAPTOP-9FT84NNT" failures="0" tests="1" name="Academy.E2EProject.ValidateTitle2" time="0.651" errors="0" timestamp="2022-07-27T23:46:16 IST" skipped="0">
  <testcase classname="Academy.E2EProject.ValidateTitle2" name="basePageNavigator" time="0.651"/>
  <system-out/>
</testsuite> <!-- Academy.E2EProject.ValidateTitle2 -->
